<?xml version="1.0" encoding="UTF-8"?>
<testsuite xmlns:xsi="http://www.w3.org/2001/XMLSchema-instance" xsi:noNamespaceSchemaLocation="https://maven.apache.org/surefire/maven-surefire-plugin/xsd/surefire-test-report.xsd" name="com.bcbsma.api.RestAssuredIntegrationTest" time="46.66" tests="8" errors="0" skipped="0" failures="0">
  <properties>
    <property name="sun.desktop" value="windows"/>
    <property name="awt.toolkit" value="sun.awt.windows.WToolkit"/>
    <property name="file.encoding.pkg" value="sun.io"/>
    <property name="java.specification.version" value="1.8"/>
    <property name="sun.cpu.isalist" value="amd64"/>
    <property name="sun.jnu.encoding" value="Cp1252"/>
    <property name="java.class.path" value="C:\Users\kdcost01\GitHub\Workspace\TestDrivenDevelopment\TestDrivenDevelopment\target\test-classes;C:\Users\kdcost01\GitHub\Workspace\TestDrivenDevelopment\TestDrivenDevelopment\target\classes;C:\soft\maven-repos\.m2\repository\com\bcbsma\api\api-core\0.0.10\api-core-0.0.10.jar;C:\soft\maven-repos\.m2\repository\com\bcbsma\api\api-h2-db\0.0.1\api-h2-db-0.0.1.jar;C:\soft\maven-repos\.m2\repository\com\h2database\h2\1.4.199\h2-1.4.199.jar;C:\soft\maven-repos\.m2\repository\org\springframework\boot\spring-boot-starter-data-jpa\2.1.4.RELEASE\spring-boot-starter-data-jpa-2.1.4.RELEASE.jar;C:\soft\maven-repos\.m2\repository\org\springframework\boot\spring-boot-starter-jdbc\2.1.4.RELEASE\spring-boot-starter-jdbc-2.1.4.RELEASE.jar;C:\soft\maven-repos\.m2\repository\com\zaxxer\HikariCP\3.2.0\HikariCP-3.2.0.jar;C:\soft\maven-repos\.m2\repository\org\springframework\spring-jdbc\5.1.6.RELEASE\spring-jdbc-5.1.6.RELEASE.jar;C:\soft\maven-repos\.m2\repository\javax\transaction\javax.transaction-api\1.3\javax.transaction-api-1.3.jar;C:\soft\maven-repos\.m2\repository\javax\xml\bind\jaxb-api\2.3.1\jaxb-api-2.3.1.jar;C:\soft\maven-repos\.m2\repository\javax\activation\javax.activation-api\1.2.0\javax.activation-api-1.2.0.jar;C:\soft\maven-repos\.m2\repository\org\hibernate\hibernate-core\5.3.9.Final\hibernate-core-5.3.9.Final.jar;C:\soft\maven-repos\.m2\repository\javax\persistence\javax.persistence-api\2.2\javax.persistence-api-2.2.jar;C:\soft\maven-repos\.m2\repository\org\javassist\javassist\3.23.1-GA\javassist-3.23.1-GA.jar;C:\soft\maven-repos\.m2\repository\antlr\antlr\2.7.7\antlr-2.7.7.jar;C:\soft\maven-repos\.m2\repository\org\jboss\jandex\2.0.5.Final\jandex-2.0.5.Final.jar;C:\soft\maven-repos\.m2\repository\org\dom4j\dom4j\2.1.1\dom4j-2.1.1.jar;C:\soft\maven-repos\.m2\repository\org\hibernate\common\hibernate-commons-annotations\5.0.4.Final\hibernate-commons-annotations-5.0.4.Final.jar;C:\soft\maven-repos\.m2\repository\org\springframework\data\spring-data-jpa\2.1.6.RELEASE\spring-data-jpa-2.1.6.RELEASE.jar;C:\soft\maven-repos\.m2\repository\org\springframework\data\spring-data-commons\2.1.6.RELEASE\spring-data-commons-2.1.6.RELEASE.jar;C:\soft\maven-repos\.m2\repository\org\springframework\spring-orm\5.1.6.RELEASE\spring-orm-5.1.6.RELEASE.jar;C:\soft\maven-repos\.m2\repository\org\springframework\spring-tx\5.1.6.RELEASE\spring-tx-5.1.6.RELEASE.jar;C:\soft\maven-repos\.m2\repository\org\springframework\spring-aspects\5.1.6.RELEASE\spring-aspects-5.1.6.RELEASE.jar;C:\soft\maven-repos\.m2\repository\org\springframework\boot\spring-boot-starter-actuator\2.1.4.RELEASE\spring-boot-starter-actuator-2.1.4.RELEASE.jar;C:\soft\maven-repos\.m2\repository\org\springframework\boot\spring-boot-starter\2.1.4.RELEASE\spring-boot-starter-2.1.4.RELEASE.jar;C:\soft\maven-repos\.m2\repository\org\springframework\boot\spring-boot-starter-logging\2.1.4.RELEASE\spring-boot-starter-logging-2.1.4.RELEASE.jar;C:\soft\maven-repos\.m2\repository\ch\qos\logback\logback-classic\1.2.3\logback-classic-1.2.3.jar;C:\soft\maven-repos\.m2\repository\ch\qos\logback\logback-core\1.2.3\logback-core-1.2.3.jar;C:\soft\maven-repos\.m2\repository\org\apache\logging\log4j\log4j-to-slf4j\2.11.2\log4j-to-slf4j-2.11.2.jar;C:\soft\maven-repos\.m2\repository\org\apache\logging\log4j\log4j-api\2.11.2\log4j-api-2.11.2.jar;C:\soft\maven-repos\.m2\repository\org\slf4j\jul-to-slf4j\1.7.26\jul-to-slf4j-1.7.26.jar;C:\soft\maven-repos\.m2\repository\javax\annotation\javax.annotation-api\1.3.2\javax.annotation-api-1.3.2.jar;C:\soft\maven-repos\.m2\repository\org\yaml\snakeyaml\1.23\snakeyaml-1.23.jar;C:\soft\maven-repos\.m2\repository\org\springframework\boot\spring-boot-actuator-autoconfigure\2.1.4.RELEASE\spring-boot-actuator-autoconfigure-2.1.4.RELEASE.jar;C:\soft\maven-repos\.m2\repository\org\springframework\boot\spring-boot-actuator\2.1.4.RELEASE\spring-boot-actuator-2.1.4.RELEASE.jar;C:\soft\maven-repos\.m2\repository\org\springframework\spring-context\5.1.6.RELEASE\spring-context-5.1.6.RELEASE.jar;C:\soft\maven-repos\.m2\repository\com\fasterxml\jackson\datatype\jackson-datatype-jsr310\2.9.8\jackson-datatype-jsr310-2.9.8.jar;C:\soft\maven-repos\.m2\repository\io\micrometer\micrometer-core\1.1.4\micrometer-core-1.1.4.jar;C:\soft\maven-repos\.m2\repository\org\hdrhistogram\HdrHistogram\2.1.9\HdrHistogram-2.1.9.jar;C:\soft\maven-repos\.m2\repository\org\latencyutils\LatencyUtils\2.0.3\LatencyUtils-2.0.3.jar;C:\soft\maven-repos\.m2\repository\org\springframework\boot\spring-boot-starter-aop\2.1.4.RELEASE\spring-boot-starter-aop-2.1.4.RELEASE.jar;C:\soft\maven-repos\.m2\repository\org\springframework\spring-aop\5.1.6.RELEASE\spring-aop-5.1.6.RELEASE.jar;C:\soft\maven-repos\.m2\repository\org\springframework\spring-beans\5.1.6.RELEASE\spring-beans-5.1.6.RELEASE.jar;C:\soft\maven-repos\.m2\repository\org\aspectj\aspectjweaver\1.9.2\aspectjweaver-1.9.2.jar;C:\soft\maven-repos\.m2\repository\org\springframework\boot\spring-boot-starter-web\2.1.4.RELEASE\spring-boot-starter-web-2.1.4.RELEASE.jar;C:\soft\maven-repos\.m2\repository\org\springframework\boot\spring-boot-starter-json\2.1.4.RELEASE\spring-boot-starter-json-2.1.4.RELEASE.jar;C:\soft\maven-repos\.m2\repository\com\fasterxml\jackson\datatype\jackson-datatype-jdk8\2.9.8\jackson-datatype-jdk8-2.9.8.jar;C:\soft\maven-repos\.m2\repository\com\fasterxml\jackson\module\jackson-module-parameter-names\2.9.8\jackson-module-parameter-names-2.9.8.jar;C:\soft\maven-repos\.m2\repository\org\springframework\boot\spring-boot-starter-tomcat\2.1.4.RELEASE\spring-boot-starter-tomcat-2.1.4.RELEASE.jar;C:\soft\maven-repos\.m2\repository\org\apache\tomcat\embed\tomcat-embed-core\9.0.17\tomcat-embed-core-9.0.17.jar;C:\soft\maven-repos\.m2\repository\org\apache\tomcat\embed\tomcat-embed-el\9.0.17\tomcat-embed-el-9.0.17.jar;C:\soft\maven-repos\.m2\repository\org\apache\tomcat\embed\tomcat-embed-websocket\9.0.17\tomcat-embed-websocket-9.0.17.jar;C:\soft\maven-repos\.m2\repository\org\hibernate\validator\hibernate-validator\6.0.16.Final\hibernate-validator-6.0.16.Final.jar;C:\soft\maven-repos\.m2\repository\javax\validation\validation-api\2.0.1.Final\validation-api-2.0.1.Final.jar;C:\soft\maven-repos\.m2\repository\org\jboss\logging\jboss-logging\3.3.2.Final\jboss-logging-3.3.2.Final.jar;C:\soft\maven-repos\.m2\repository\org\springframework\spring-web\5.1.6.RELEASE\spring-web-5.1.6.RELEASE.jar;C:\soft\maven-repos\.m2\repository\org\springframework\spring-webmvc\5.1.6.RELEASE\spring-webmvc-5.1.6.RELEASE.jar;C:\soft\maven-repos\.m2\repository\org\springframework\spring-expression\5.1.6.RELEASE\spring-expression-5.1.6.RELEASE.jar;C:\soft\maven-repos\.m2\repository\de\codecentric\spring-boot-admin-starter-client\2.1.4\spring-boot-admin-starter-client-2.1.4.jar;C:\soft\maven-repos\.m2\repository\de\codecentric\spring-boot-admin-client\2.1.4\spring-boot-admin-client-2.1.4.jar;C:\soft\maven-repos\.m2\repository\org\jolokia\jolokia-core\1.6.0\jolokia-core-1.6.0.jar;C:\soft\maven-repos\.m2\repository\com\googlecode\json-simple\json-simple\1.1.1\json-simple-1.1.1.jar;C:\soft\maven-repos\.m2\repository\org\springframework\cloud\spring-cloud-starter-config\2.1.1.RELEASE\spring-cloud-starter-config-2.1.1.RELEASE.jar;C:\soft\maven-repos\.m2\repository\org\springframework\cloud\spring-cloud-starter\2.1.1.RELEASE\spring-cloud-starter-2.1.1.RELEASE.jar;C:\soft\maven-repos\.m2\repository\org\springframework\cloud\spring-cloud-context\2.1.1.RELEASE\spring-cloud-context-2.1.1.RELEASE.jar;C:\soft\maven-repos\.m2\repository\org\springframework\security\spring-security-crypto\5.1.5.RELEASE\spring-security-crypto-5.1.5.RELEASE.jar;C:\soft\maven-repos\.m2\repository\org\springframework\cloud\spring-cloud-commons\2.1.1.RELEASE\spring-cloud-commons-2.1.1.RELEASE.jar;C:\soft\maven-repos\.m2\repository\org\springframework\security\spring-security-rsa\1.0.7.RELEASE\spring-security-rsa-1.0.7.RELEASE.jar;C:\soft\maven-repos\.m2\repository\org\bouncycastle\bcpkix-jdk15on\1.60\bcpkix-jdk15on-1.60.jar;C:\soft\maven-repos\.m2\repository\org\bouncycastle\bcprov-jdk15on\1.60\bcprov-jdk15on-1.60.jar;C:\soft\maven-repos\.m2\repository\org\springframework\cloud\spring-cloud-config-client\2.1.1.RELEASE\spring-cloud-config-client-2.1.1.RELEASE.jar;C:\soft\maven-repos\.m2\repository\com\fasterxml\jackson\core\jackson-annotations\2.9.0\jackson-annotations-2.9.0.jar;C:\soft\maven-repos\.m2\repository\com\fasterxml\jackson\core\jackson-databind\2.9.8\jackson-databind-2.9.8.jar;C:\soft\maven-repos\.m2\repository\com\fasterxml\jackson\core\jackson-core\2.9.8\jackson-core-2.9.8.jar;C:\soft\maven-repos\.m2\repository\org\springframework\boot\spring-boot-devtools\2.1.4.RELEASE\spring-boot-devtools-2.1.4.RELEASE.jar;C:\soft\maven-repos\.m2\repository\org\springframework\boot\spring-boot\2.1.4.RELEASE\spring-boot-2.1.4.RELEASE.jar;C:\soft\maven-repos\.m2\repository\org\springframework\boot\spring-boot-autoconfigure\2.1.4.RELEASE\spring-boot-autoconfigure-2.1.4.RELEASE.jar;C:\soft\maven-repos\.m2\repository\org\springframework\boot\spring-boot-starter-test\2.1.4.RELEASE\spring-boot-starter-test-2.1.4.RELEASE.jar;C:\soft\maven-repos\.m2\repository\org\springframework\boot\spring-boot-test\2.1.4.RELEASE\spring-boot-test-2.1.4.RELEASE.jar;C:\soft\maven-repos\.m2\repository\org\springframework\boot\spring-boot-test-autoconfigure\2.1.4.RELEASE\spring-boot-test-autoconfigure-2.1.4.RELEASE.jar;C:\soft\maven-repos\.m2\repository\com\jayway\jsonpath\json-path\2.4.0\json-path-2.4.0.jar;C:\soft\maven-repos\.m2\repository\net\minidev\json-smart\2.3\json-smart-2.3.jar;C:\soft\maven-repos\.m2\repository\net\minidev\accessors-smart\1.2\accessors-smart-1.2.jar;C:\soft\maven-repos\.m2\repository\org\ow2\asm\asm\5.0.4\asm-5.0.4.jar;C:\soft\maven-repos\.m2\repository\junit\junit\4.12\junit-4.12.jar;C:\soft\maven-repos\.m2\repository\org\assertj\assertj-core\3.11.1\assertj-core-3.11.1.jar;C:\soft\maven-repos\.m2\repository\org\mockito\mockito-core\2.23.4\mockito-core-2.23.4.jar;C:\soft\maven-repos\.m2\repository\net\bytebuddy\byte-buddy\1.9.12\byte-buddy-1.9.12.jar;C:\soft\maven-repos\.m2\repository\net\bytebuddy\byte-buddy-agent\1.9.12\byte-buddy-agent-1.9.12.jar;C:\soft\maven-repos\.m2\repository\org\objenesis\objenesis\2.6\objenesis-2.6.jar;C:\soft\maven-repos\.m2\repository\org\hamcrest\hamcrest-core\1.3\hamcrest-core-1.3.jar;C:\soft\maven-repos\.m2\repository\org\hamcrest\hamcrest-library\1.3\hamcrest-library-1.3.jar;C:\soft\maven-repos\.m2\repository\org\skyscreamer\jsonassert\1.5.0\jsonassert-1.5.0.jar;C:\soft\maven-repos\.m2\repository\com\vaadin\external\google\android-json\0.0.20131108.vaadin1\android-json-0.0.20131108.vaadin1.jar;C:\soft\maven-repos\.m2\repository\org\springframework\spring-core\5.1.6.RELEASE\spring-core-5.1.6.RELEASE.jar;C:\soft\maven-repos\.m2\repository\org\springframework\spring-jcl\5.1.6.RELEASE\spring-jcl-5.1.6.RELEASE.jar;C:\soft\maven-repos\.m2\repository\org\springframework\spring-test\5.1.6.RELEASE\spring-test-5.1.6.RELEASE.jar;C:\soft\maven-repos\.m2\repository\org\xmlunit\xmlunit-core\2.6.2\xmlunit-core-2.6.2.jar;C:\soft\maven-repos\.m2\repository\io\springfox\springfox-swagger-ui\2.9.2\springfox-swagger-ui-2.9.2.jar;C:\soft\maven-repos\.m2\repository\io\springfox\springfox-spring-web\2.9.2\springfox-spring-web-2.9.2.jar;C:\soft\maven-repos\.m2\repository\io\springfox\springfox-swagger2\2.9.2\springfox-swagger2-2.9.2.jar;C:\soft\maven-repos\.m2\repository\io\swagger\swagger-annotations\1.5.20\swagger-annotations-1.5.20.jar;C:\soft\maven-repos\.m2\repository\io\swagger\swagger-models\1.5.20\swagger-models-1.5.20.jar;C:\soft\maven-repos\.m2\repository\io\springfox\springfox-spi\2.9.2\springfox-spi-2.9.2.jar;C:\soft\maven-repos\.m2\repository\io\springfox\springfox-core\2.9.2\springfox-core-2.9.2.jar;C:\soft\maven-repos\.m2\repository\io\springfox\springfox-schema\2.9.2\springfox-schema-2.9.2.jar;C:\soft\maven-repos\.m2\repository\io\springfox\springfox-swagger-common\2.9.2\springfox-swagger-common-2.9.2.jar;C:\soft\maven-repos\.m2\repository\com\google\guava\guava\20.0\guava-20.0.jar;C:\soft\maven-repos\.m2\repository\com\fasterxml\classmate\1.4.0\classmate-1.4.0.jar;C:\soft\maven-repos\.m2\repository\org\slf4j\slf4j-api\1.7.26\slf4j-api-1.7.26.jar;C:\soft\maven-repos\.m2\repository\org\springframework\plugin\spring-plugin-core\1.2.0.RELEASE\spring-plugin-core-1.2.0.RELEASE.jar;C:\soft\maven-repos\.m2\repository\org\springframework\plugin\spring-plugin-metadata\1.2.0.RELEASE\spring-plugin-metadata-1.2.0.RELEASE.jar;C:\soft\maven-repos\.m2\repository\org\mapstruct\mapstruct\1.2.0.Final\mapstruct-1.2.0.Final.jar;C:\soft\maven-repos\.m2\repository\org\openapitools\openapi-generator-maven-plugin\3.3.4\openapi-generator-maven-plugin-3.3.4.jar;C:\soft\maven-repos\.m2\repository\org\sonatype\plexus\plexus-build-api\0.0.7\plexus-build-api-0.0.7.jar;C:\soft\maven-repos\.m2\repository\org\codehaus\plexus\plexus-utils\1.5.8\plexus-utils-1.5.8.jar;C:\soft\maven-repos\.m2\repository\org\apache\maven\maven-core\3.2.5\maven-core-3.2.5.jar;C:\soft\maven-repos\.m2\repository\org\apache\maven\maven-model\3.2.5\maven-model-3.2.5.jar;C:\soft\maven-repos\.m2\repository\org\apache\maven\maven-settings\3.2.5\maven-settings-3.2.5.jar;C:\soft\maven-repos\.m2\repository\org\apache\maven\maven-settings-builder\3.3.9\maven-settings-builder-3.3.9.jar;C:\soft\maven-repos\.m2\repository\org\apache\maven\maven-builder-support\3.3.9\maven-builder-support-3.3.9.jar;C:\soft\maven-repos\.m2\repository\org\apache\maven\maven-repository-metadata\3.2.5\maven-repository-metadata-3.2.5.jar;C:\soft\maven-repos\.m2\repository\org\apache\maven\maven-artifact\3.2.5\maven-artifact-3.2.5.jar;C:\soft\maven-repos\.m2\repository\org\apache\maven\maven-model-builder\3.2.5\maven-model-builder-3.2.5.jar;C:\soft\maven-repos\.m2\repository\org\apache\maven\maven-aether-provider\3.2.5\maven-aether-provider-3.2.5.jar;C:\soft\maven-repos\.m2\repository\org\eclipse\aether\aether-spi\1.0.0.v20140518\aether-spi-1.0.0.v20140518.jar;C:\soft\maven-repos\.m2\repository\org\eclipse\aether\aether-impl\1.0.0.v20140518\aether-impl-1.0.0.v20140518.jar;C:\soft\maven-repos\.m2\repository\org\eclipse\aether\aether-api\1.0.0.v20140518\aether-api-1.0.0.v20140518.jar;C:\soft\maven-repos\.m2\repository\org\eclipse\aether\aether-util\1.0.0.v20140518\aether-util-1.0.0.v20140518.jar;C:\soft\maven-repos\.m2\repository\org\eclipse\sisu\org.eclipse.sisu.plexus\0.3.0.M1\org.eclipse.sisu.plexus-0.3.0.M1.jar;C:\soft\maven-repos\.m2\repository\javax\enterprise\cdi-api\1.0\cdi-api-1.0.jar;C:\soft\maven-repos\.m2\repository\javax\annotation\jsr250-api\1.0\jsr250-api-1.0.jar;C:\soft\maven-repos\.m2\repository\org\eclipse\sisu\org.eclipse.sisu.inject\0.3.0.M1\org.eclipse.sisu.inject-0.3.0.M1.jar;C:\soft\maven-repos\.m2\repository\org\sonatype\sisu\sisu-guice\3.2.3\sisu-guice-3.2.3-no_aop.jar;C:\soft\maven-repos\.m2\repository\javax\inject\javax.inject\1\javax.inject-1.jar;C:\soft\maven-repos\.m2\repository\aopalliance\aopalliance\1.0\aopalliance-1.0.jar;C:\soft\maven-repos\.m2\repository\org\codehaus\plexus\plexus-interpolation\1.21\plexus-interpolation-1.21.jar;C:\soft\maven-repos\.m2\repository\org\codehaus\plexus\plexus-classworlds\2.5.2\plexus-classworlds-2.5.2.jar;C:\soft\maven-repos\.m2\repository\org\codehaus\plexus\plexus-component-annotations\1.5.5\plexus-component-annotations-1.5.5.jar;C:\soft\maven-repos\.m2\repository\org\sonatype\plexus\plexus-sec-dispatcher\1.3\plexus-sec-dispatcher-1.3.jar;C:\soft\maven-repos\.m2\repository\org\sonatype\plexus\plexus-cipher\1.4\plexus-cipher-1.4.jar;C:\soft\maven-repos\.m2\repository\org\apache\maven\maven-compat\3.2.5\maven-compat-3.2.5.jar;C:\soft\maven-repos\.m2\repository\org\apache\maven\wagon\wagon-provider-api\2.8\wagon-provider-api-2.8.jar;C:\soft\maven-repos\.m2\repository\org\apache\maven\maven-plugin-api\3.2.5\maven-plugin-api-3.2.5.jar;C:\soft\maven-repos\.m2\repository\org\apache\maven\plugin-tools\maven-plugin-annotations\3.4\maven-plugin-annotations-3.4.jar;C:\soft\maven-repos\.m2\repository\org\openapitools\openapi-generator\3.3.4\openapi-generator-3.3.4.jar;C:\soft\maven-repos\.m2\repository\io\swagger\core\v3\swagger-core\2.0.4\swagger-core-2.0.4.jar;C:\soft\maven-repos\.m2\repository\com\fasterxml\jackson\dataformat\jackson-dataformat-yaml\2.9.8\jackson-dataformat-yaml-2.9.8.jar;C:\soft\maven-repos\.m2\repository\io\swagger\core\v3\swagger-annotations\2.0.4\swagger-annotations-2.0.4.jar;C:\soft\maven-repos\.m2\repository\io\swagger\core\v3\swagger-models\2.0.4\swagger-models-2.0.4.jar;C:\soft\maven-repos\.m2\repository\io\swagger\parser\v3\swagger-parser\2.0.4\swagger-parser-2.0.4.jar;C:\soft\maven-repos\.m2\repository\io\swagger\parser\v3\swagger-parser-v2-converter\2.0.4\swagger-parser-v2-converter-2.0.4.jar;C:\soft\maven-repos\.m2\repository\io\swagger\swagger-parser\1.0.38\swagger-parser-1.0.38.jar;C:\soft\maven-repos\.m2\repository\io\swagger\swagger-core\1.5.21\swagger-core-1.5.21.jar;C:\soft\maven-repos\.m2\repository\io\swagger\swagger-compat-spec-parser\1.0.38\swagger-compat-spec-parser-1.0.38.jar;C:\soft\maven-repos\.m2\repository\com\github\java-json-tools\json-schema-validator\2.2.8\json-schema-validator-2.2.8.jar;C:\soft\maven-repos\.m2\repository\com\github\java-json-tools\json-schema-core\1.2.8\json-schema-core-1.2.8.jar;C:\soft\maven-repos\.m2\repository\org\mozilla\rhino\1.7R4\rhino-1.7R4.jar;C:\soft\maven-repos\.m2\repository\com\github\fge\uri-template\0.9\uri-template-0.9.jar;C:\soft\maven-repos\.m2\repository\javax\mail\mailapi\1.4.3\mailapi-1.4.3.jar;C:\soft\maven-repos\.m2\repository\javax\activation\activation\1.1\activation-1.1.jar;C:\soft\maven-repos\.m2\repository\joda-time\joda-time\2.10.1\joda-time-2.10.1.jar;C:\soft\maven-repos\.m2\repository\com\googlecode\libphonenumber\libphonenumber\8.0.0\libphonenumber-8.0.0.jar;C:\soft\maven-repos\.m2\repository\com\google\code\findbugs\jsr305\3.0.1\jsr305-3.0.1.jar;C:\soft\maven-repos\.m2\repository\net\sf\jopt-simple\jopt-simple\5.0.3\jopt-simple-5.0.3.jar;C:\soft\maven-repos\.m2\repository\com\github\fge\json-patch\1.6\json-patch-1.6.jar;C:\soft\maven-repos\.m2\repository\com\github\fge\jackson-coreutils\1.6\jackson-coreutils-1.6.jar;C:\soft\maven-repos\.m2\repository\com\github\fge\msg-simple\1.1\msg-simple-1.1.jar;C:\soft\maven-repos\.m2\repository\com\github\fge\btf\1.2\btf-1.2.jar;C:\soft\maven-repos\.m2\repository\io\swagger\parser\v3\swagger-parser-core\2.0.4\swagger-parser-core-2.0.4.jar;C:\soft\maven-repos\.m2\repository\io\swagger\parser\v3\swagger-parser-v3\2.0.4\swagger-parser-v3-2.0.4.jar;C:\soft\maven-repos\.m2\repository\com\samskivert\jmustache\1.14\jmustache-1.14.jar;C:\soft\maven-repos\.m2\repository\commons-io\commons-io\2.4\commons-io-2.4.jar;C:\soft\maven-repos\.m2\repository\org\slf4j\slf4j-ext\1.7.26\slf4j-ext-1.7.26.jar;C:\soft\maven-repos\.m2\repository\org\apache\commons\commons-lang3\3.8.1\commons-lang3-3.8.1.jar;C:\soft\maven-repos\.m2\repository\commons-cli\commons-cli\1.2\commons-cli-1.2.jar;C:\soft\maven-repos\.m2\repository\com\atlassian\commonmark\commonmark\0.11.0\commonmark-0.11.0.jar;C:\soft\maven-repos\.m2\repository\com\google\code\gson\gson\2.8.5\gson-2.8.5.jar;C:\soft\maven-repos\.m2\repository\com\jayway\restassured\rest-assured\2.9.0\rest-assured-2.9.0.jar;C:\soft\maven-repos\.m2\repository\org\codehaus\groovy\groovy\2.5.6\groovy-2.5.6.jar;C:\soft\maven-repos\.m2\repository\org\codehaus\groovy\groovy-xml\2.5.6\groovy-xml-2.5.6.jar;C:\soft\maven-repos\.m2\repository\org\apache\httpcomponents\httpclient\4.5.8\httpclient-4.5.8.jar;C:\soft\maven-repos\.m2\repository\org\apache\httpcomponents\httpcore\4.4.11\httpcore-4.4.11.jar;C:\soft\maven-repos\.m2\repository\commons-codec\commons-codec\1.11\commons-codec-1.11.jar;C:\soft\maven-repos\.m2\repository\org\apache\httpcomponents\httpmime\4.5.8\httpmime-4.5.8.jar;C:\soft\maven-repos\.m2\repository\org\ccil\cowan\tagsoup\tagsoup\1.2.1\tagsoup-1.2.1.jar;C:\soft\maven-repos\.m2\repository\com\jayway\restassured\json-path\2.9.0\json-path-2.9.0.jar;C:\soft\maven-repos\.m2\repository\org\codehaus\groovy\groovy-json\2.5.6\groovy-json-2.5.6.jar;C:\soft\maven-repos\.m2\repository\com\jayway\restassured\rest-assured-common\2.9.0\rest-assured-common-2.9.0.jar;C:\soft\maven-repos\.m2\repository\com\jayway\restassured\xml-path\2.9.0\xml-path-2.9.0.jar;C:\soft\maven-repos\.m2\repository\io\rest-assured\rest-assured\3.1.1\rest-assured-3.1.1.jar;C:\soft\maven-repos\.m2\repository\io\rest-assured\json-path\3.1.1\json-path-3.1.1.jar;C:\soft\maven-repos\.m2\repository\io\rest-assured\rest-assured-common\3.1.1\rest-assured-common-3.1.1.jar;C:\soft\maven-repos\.m2\repository\io\rest-assured\xml-path\3.1.1\xml-path-3.1.1.jar;"/>
    <property name="java.vm.vendor" value="Oracle Corporation"/>
    <property name="sun.arch.data.model" value="64"/>
    <property name="user.variant" value=""/>
    <property name="java.vendor.url" value="http://java.oracle.com/"/>
    <property name="user.timezone" value="America/New_York"/>
    <property name="java.vm.specification.version" value="1.8"/>
    <property name="os.name" value="Windows 7"/>
    <property name="user.country" value="US"/>
    <property name="sun.java.launcher" value="SUN_STANDARD"/>
    <property name="sun.boot.library.path" value="C:\Program Files\Java\jre1.8.0_211\bin"/>
    <property name="sun.java.command" value="C:\Users\kdcost01\AppData\Local\Temp\surefire8461909319305158474\surefirebooter6749253584669757848.jar C:\Users\kdcost01\AppData\Local\Temp\surefire8461909319305158474 2019-06-06T12-11-20_307-jvmRun1 surefire3231797173968638108tmp surefire_0366177554871358710tmp"/>
    <property name="surefire.test.class.path" value="C:\Users\kdcost01\GitHub\Workspace\TestDrivenDevelopment\TestDrivenDevelopment\target\test-classes;C:\Users\kdcost01\GitHub\Workspace\TestDrivenDevelopment\TestDrivenDevelopment\target\classes;C:\soft\maven-repos\.m2\repository\com\bcbsma\api\api-core\0.0.10\api-core-0.0.10.jar;C:\soft\maven-repos\.m2\repository\com\bcbsma\api\api-h2-db\0.0.1\api-h2-db-0.0.1.jar;C:\soft\maven-repos\.m2\repository\com\h2database\h2\1.4.199\h2-1.4.199.jar;C:\soft\maven-repos\.m2\repository\org\springframework\boot\spring-boot-starter-data-jpa\2.1.4.RELEASE\spring-boot-starter-data-jpa-2.1.4.RELEASE.jar;C:\soft\maven-repos\.m2\repository\org\springframework\boot\spring-boot-starter-jdbc\2.1.4.RELEASE\spring-boot-starter-jdbc-2.1.4.RELEASE.jar;C:\soft\maven-repos\.m2\repository\com\zaxxer\HikariCP\3.2.0\HikariCP-3.2.0.jar;C:\soft\maven-repos\.m2\repository\org\springframework\spring-jdbc\5.1.6.RELEASE\spring-jdbc-5.1.6.RELEASE.jar;C:\soft\maven-repos\.m2\repository\javax\transaction\javax.transaction-api\1.3\javax.transaction-api-1.3.jar;C:\soft\maven-repos\.m2\repository\javax\xml\bind\jaxb-api\2.3.1\jaxb-api-2.3.1.jar;C:\soft\maven-repos\.m2\repository\javax\activation\javax.activation-api\1.2.0\javax.activation-api-1.2.0.jar;C:\soft\maven-repos\.m2\repository\org\hibernate\hibernate-core\5.3.9.Final\hibernate-core-5.3.9.Final.jar;C:\soft\maven-repos\.m2\repository\javax\persistence\javax.persistence-api\2.2\javax.persistence-api-2.2.jar;C:\soft\maven-repos\.m2\repository\org\javassist\javassist\3.23.1-GA\javassist-3.23.1-GA.jar;C:\soft\maven-repos\.m2\repository\antlr\antlr\2.7.7\antlr-2.7.7.jar;C:\soft\maven-repos\.m2\repository\org\jboss\jandex\2.0.5.Final\jandex-2.0.5.Final.jar;C:\soft\maven-repos\.m2\repository\org\dom4j\dom4j\2.1.1\dom4j-2.1.1.jar;C:\soft\maven-repos\.m2\repository\org\hibernate\common\hibernate-commons-annotations\5.0.4.Final\hibernate-commons-annotations-5.0.4.Final.jar;C:\soft\maven-repos\.m2\repository\org\springframework\data\spring-data-jpa\2.1.6.RELEASE\spring-data-jpa-2.1.6.RELEASE.jar;C:\soft\maven-repos\.m2\repository\org\springframework\data\spring-data-commons\2.1.6.RELEASE\spring-data-commons-2.1.6.RELEASE.jar;C:\soft\maven-repos\.m2\repository\org\springframework\spring-orm\5.1.6.RELEASE\spring-orm-5.1.6.RELEASE.jar;C:\soft\maven-repos\.m2\repository\org\springframework\spring-tx\5.1.6.RELEASE\spring-tx-5.1.6.RELEASE.jar;C:\soft\maven-repos\.m2\repository\org\springframework\spring-aspects\5.1.6.RELEASE\spring-aspects-5.1.6.RELEASE.jar;C:\soft\maven-repos\.m2\repository\org\springframework\boot\spring-boot-starter-actuator\2.1.4.RELEASE\spring-boot-starter-actuator-2.1.4.RELEASE.jar;C:\soft\maven-repos\.m2\repository\org\springframework\boot\spring-boot-starter\2.1.4.RELEASE\spring-boot-starter-2.1.4.RELEASE.jar;C:\soft\maven-repos\.m2\repository\org\springframework\boot\spring-boot-starter-logging\2.1.4.RELEASE\spring-boot-starter-logging-2.1.4.RELEASE.jar;C:\soft\maven-repos\.m2\repository\ch\qos\logback\logback-classic\1.2.3\logback-classic-1.2.3.jar;C:\soft\maven-repos\.m2\repository\ch\qos\logback\logback-core\1.2.3\logback-core-1.2.3.jar;C:\soft\maven-repos\.m2\repository\org\apache\logging\log4j\log4j-to-slf4j\2.11.2\log4j-to-slf4j-2.11.2.jar;C:\soft\maven-repos\.m2\repository\org\apache\logging\log4j\log4j-api\2.11.2\log4j-api-2.11.2.jar;C:\soft\maven-repos\.m2\repository\org\slf4j\jul-to-slf4j\1.7.26\jul-to-slf4j-1.7.26.jar;C:\soft\maven-repos\.m2\repository\javax\annotation\javax.annotation-api\1.3.2\javax.annotation-api-1.3.2.jar;C:\soft\maven-repos\.m2\repository\org\yaml\snakeyaml\1.23\snakeyaml-1.23.jar;C:\soft\maven-repos\.m2\repository\org\springframework\boot\spring-boot-actuator-autoconfigure\2.1.4.RELEASE\spring-boot-actuator-autoconfigure-2.1.4.RELEASE.jar;C:\soft\maven-repos\.m2\repository\org\springframework\boot\spring-boot-actuator\2.1.4.RELEASE\spring-boot-actuator-2.1.4.RELEASE.jar;C:\soft\maven-repos\.m2\repository\org\springframework\spring-context\5.1.6.RELEASE\spring-context-5.1.6.RELEASE.jar;C:\soft\maven-repos\.m2\repository\com\fasterxml\jackson\datatype\jackson-datatype-jsr310\2.9.8\jackson-datatype-jsr310-2.9.8.jar;C:\soft\maven-repos\.m2\repository\io\micrometer\micrometer-core\1.1.4\micrometer-core-1.1.4.jar;C:\soft\maven-repos\.m2\repository\org\hdrhistogram\HdrHistogram\2.1.9\HdrHistogram-2.1.9.jar;C:\soft\maven-repos\.m2\repository\org\latencyutils\LatencyUtils\2.0.3\LatencyUtils-2.0.3.jar;C:\soft\maven-repos\.m2\repository\org\springframework\boot\spring-boot-starter-aop\2.1.4.RELEASE\spring-boot-starter-aop-2.1.4.RELEASE.jar;C:\soft\maven-repos\.m2\repository\org\springframework\spring-aop\5.1.6.RELEASE\spring-aop-5.1.6.RELEASE.jar;C:\soft\maven-repos\.m2\repository\org\springframework\spring-beans\5.1.6.RELEASE\spring-beans-5.1.6.RELEASE.jar;C:\soft\maven-repos\.m2\repository\org\aspectj\aspectjweaver\1.9.2\aspectjweaver-1.9.2.jar;C:\soft\maven-repos\.m2\repository\org\springframework\boot\spring-boot-starter-web\2.1.4.RELEASE\spring-boot-starter-web-2.1.4.RELEASE.jar;C:\soft\maven-repos\.m2\repository\org\springframework\boot\spring-boot-starter-json\2.1.4.RELEASE\spring-boot-starter-json-2.1.4.RELEASE.jar;C:\soft\maven-repos\.m2\repository\com\fasterxml\jackson\datatype\jackson-datatype-jdk8\2.9.8\jackson-datatype-jdk8-2.9.8.jar;C:\soft\maven-repos\.m2\repository\com\fasterxml\jackson\module\jackson-module-parameter-names\2.9.8\jackson-module-parameter-names-2.9.8.jar;C:\soft\maven-repos\.m2\repository\org\springframework\boot\spring-boot-starter-tomcat\2.1.4.RELEASE\spring-boot-starter-tomcat-2.1.4.RELEASE.jar;C:\soft\maven-repos\.m2\repository\org\apache\tomcat\embed\tomcat-embed-core\9.0.17\tomcat-embed-core-9.0.17.jar;C:\soft\maven-repos\.m2\repository\org\apache\tomcat\embed\tomcat-embed-el\9.0.17\tomcat-embed-el-9.0.17.jar;C:\soft\maven-repos\.m2\repository\org\apache\tomcat\embed\tomcat-embed-websocket\9.0.17\tomcat-embed-websocket-9.0.17.jar;C:\soft\maven-repos\.m2\repository\org\hibernate\validator\hibernate-validator\6.0.16.Final\hibernate-validator-6.0.16.Final.jar;C:\soft\maven-repos\.m2\repository\javax\validation\validation-api\2.0.1.Final\validation-api-2.0.1.Final.jar;C:\soft\maven-repos\.m2\repository\org\jboss\logging\jboss-logging\3.3.2.Final\jboss-logging-3.3.2.Final.jar;C:\soft\maven-repos\.m2\repository\org\springframework\spring-web\5.1.6.RELEASE\spring-web-5.1.6.RELEASE.jar;C:\soft\maven-repos\.m2\repository\org\springframework\spring-webmvc\5.1.6.RELEASE\spring-webmvc-5.1.6.RELEASE.jar;C:\soft\maven-repos\.m2\repository\org\springframework\spring-expression\5.1.6.RELEASE\spring-expression-5.1.6.RELEASE.jar;C:\soft\maven-repos\.m2\repository\de\codecentric\spring-boot-admin-starter-client\2.1.4\spring-boot-admin-starter-client-2.1.4.jar;C:\soft\maven-repos\.m2\repository\de\codecentric\spring-boot-admin-client\2.1.4\spring-boot-admin-client-2.1.4.jar;C:\soft\maven-repos\.m2\repository\org\jolokia\jolokia-core\1.6.0\jolokia-core-1.6.0.jar;C:\soft\maven-repos\.m2\repository\com\googlecode\json-simple\json-simple\1.1.1\json-simple-1.1.1.jar;C:\soft\maven-repos\.m2\repository\org\springframework\cloud\spring-cloud-starter-config\2.1.1.RELEASE\spring-cloud-starter-config-2.1.1.RELEASE.jar;C:\soft\maven-repos\.m2\repository\org\springframework\cloud\spring-cloud-starter\2.1.1.RELEASE\spring-cloud-starter-2.1.1.RELEASE.jar;C:\soft\maven-repos\.m2\repository\org\springframework\cloud\spring-cloud-context\2.1.1.RELEASE\spring-cloud-context-2.1.1.RELEASE.jar;C:\soft\maven-repos\.m2\repository\org\springframework\security\spring-security-crypto\5.1.5.RELEASE\spring-security-crypto-5.1.5.RELEASE.jar;C:\soft\maven-repos\.m2\repository\org\springframework\cloud\spring-cloud-commons\2.1.1.RELEASE\spring-cloud-commons-2.1.1.RELEASE.jar;C:\soft\maven-repos\.m2\repository\org\springframework\security\spring-security-rsa\1.0.7.RELEASE\spring-security-rsa-1.0.7.RELEASE.jar;C:\soft\maven-repos\.m2\repository\org\bouncycastle\bcpkix-jdk15on\1.60\bcpkix-jdk15on-1.60.jar;C:\soft\maven-repos\.m2\repository\org\bouncycastle\bcprov-jdk15on\1.60\bcprov-jdk15on-1.60.jar;C:\soft\maven-repos\.m2\repository\org\springframework\cloud\spring-cloud-config-client\2.1.1.RELEASE\spring-cloud-config-client-2.1.1.RELEASE.jar;C:\soft\maven-repos\.m2\repository\com\fasterxml\jackson\core\jackson-annotations\2.9.0\jackson-annotations-2.9.0.jar;C:\soft\maven-repos\.m2\repository\com\fasterxml\jackson\core\jackson-databind\2.9.8\jackson-databind-2.9.8.jar;C:\soft\maven-repos\.m2\repository\com\fasterxml\jackson\core\jackson-core\2.9.8\jackson-core-2.9.8.jar;C:\soft\maven-repos\.m2\repository\org\springframework\boot\spring-boot-devtools\2.1.4.RELEASE\spring-boot-devtools-2.1.4.RELEASE.jar;C:\soft\maven-repos\.m2\repository\org\springframework\boot\spring-boot\2.1.4.RELEASE\spring-boot-2.1.4.RELEASE.jar;C:\soft\maven-repos\.m2\repository\org\springframework\boot\spring-boot-autoconfigure\2.1.4.RELEASE\spring-boot-autoconfigure-2.1.4.RELEASE.jar;C:\soft\maven-repos\.m2\repository\org\springframework\boot\spring-boot-starter-test\2.1.4.RELEASE\spring-boot-starter-test-2.1.4.RELEASE.jar;C:\soft\maven-repos\.m2\repository\org\springframework\boot\spring-boot-test\2.1.4.RELEASE\spring-boot-test-2.1.4.RELEASE.jar;C:\soft\maven-repos\.m2\repository\org\springframework\boot\spring-boot-test-autoconfigure\2.1.4.RELEASE\spring-boot-test-autoconfigure-2.1.4.RELEASE.jar;C:\soft\maven-repos\.m2\repository\com\jayway\jsonpath\json-path\2.4.0\json-path-2.4.0.jar;C:\soft\maven-repos\.m2\repository\net\minidev\json-smart\2.3\json-smart-2.3.jar;C:\soft\maven-repos\.m2\repository\net\minidev\accessors-smart\1.2\accessors-smart-1.2.jar;C:\soft\maven-repos\.m2\repository\org\ow2\asm\asm\5.0.4\asm-5.0.4.jar;C:\soft\maven-repos\.m2\repository\junit\junit\4.12\junit-4.12.jar;C:\soft\maven-repos\.m2\repository\org\assertj\assertj-core\3.11.1\assertj-core-3.11.1.jar;C:\soft\maven-repos\.m2\repository\org\mockito\mockito-core\2.23.4\mockito-core-2.23.4.jar;C:\soft\maven-repos\.m2\repository\net\bytebuddy\byte-buddy\1.9.12\byte-buddy-1.9.12.jar;C:\soft\maven-repos\.m2\repository\net\bytebuddy\byte-buddy-agent\1.9.12\byte-buddy-agent-1.9.12.jar;C:\soft\maven-repos\.m2\repository\org\objenesis\objenesis\2.6\objenesis-2.6.jar;C:\soft\maven-repos\.m2\repository\org\hamcrest\hamcrest-core\1.3\hamcrest-core-1.3.jar;C:\soft\maven-repos\.m2\repository\org\hamcrest\hamcrest-library\1.3\hamcrest-library-1.3.jar;C:\soft\maven-repos\.m2\repository\org\skyscreamer\jsonassert\1.5.0\jsonassert-1.5.0.jar;C:\soft\maven-repos\.m2\repository\com\vaadin\external\google\android-json\0.0.20131108.vaadin1\android-json-0.0.20131108.vaadin1.jar;C:\soft\maven-repos\.m2\repository\org\springframework\spring-core\5.1.6.RELEASE\spring-core-5.1.6.RELEASE.jar;C:\soft\maven-repos\.m2\repository\org\springframework\spring-jcl\5.1.6.RELEASE\spring-jcl-5.1.6.RELEASE.jar;C:\soft\maven-repos\.m2\repository\org\springframework\spring-test\5.1.6.RELEASE\spring-test-5.1.6.RELEASE.jar;C:\soft\maven-repos\.m2\repository\org\xmlunit\xmlunit-core\2.6.2\xmlunit-core-2.6.2.jar;C:\soft\maven-repos\.m2\repository\io\springfox\springfox-swagger-ui\2.9.2\springfox-swagger-ui-2.9.2.jar;C:\soft\maven-repos\.m2\repository\io\springfox\springfox-spring-web\2.9.2\springfox-spring-web-2.9.2.jar;C:\soft\maven-repos\.m2\repository\io\springfox\springfox-swagger2\2.9.2\springfox-swagger2-2.9.2.jar;C:\soft\maven-repos\.m2\repository\io\swagger\swagger-annotations\1.5.20\swagger-annotations-1.5.20.jar;C:\soft\maven-repos\.m2\repository\io\swagger\swagger-models\1.5.20\swagger-models-1.5.20.jar;C:\soft\maven-repos\.m2\repository\io\springfox\springfox-spi\2.9.2\springfox-spi-2.9.2.jar;C:\soft\maven-repos\.m2\repository\io\springfox\springfox-core\2.9.2\springfox-core-2.9.2.jar;C:\soft\maven-repos\.m2\repository\io\springfox\springfox-schema\2.9.2\springfox-schema-2.9.2.jar;C:\soft\maven-repos\.m2\repository\io\springfox\springfox-swagger-common\2.9.2\springfox-swagger-common-2.9.2.jar;C:\soft\maven-repos\.m2\repository\com\google\guava\guava\20.0\guava-20.0.jar;C:\soft\maven-repos\.m2\repository\com\fasterxml\classmate\1.4.0\classmate-1.4.0.jar;C:\soft\maven-repos\.m2\repository\org\slf4j\slf4j-api\1.7.26\slf4j-api-1.7.26.jar;C:\soft\maven-repos\.m2\repository\org\springframework\plugin\spring-plugin-core\1.2.0.RELEASE\spring-plugin-core-1.2.0.RELEASE.jar;C:\soft\maven-repos\.m2\repository\org\springframework\plugin\spring-plugin-metadata\1.2.0.RELEASE\spring-plugin-metadata-1.2.0.RELEASE.jar;C:\soft\maven-repos\.m2\repository\org\mapstruct\mapstruct\1.2.0.Final\mapstruct-1.2.0.Final.jar;C:\soft\maven-repos\.m2\repository\org\openapitools\openapi-generator-maven-plugin\3.3.4\openapi-generator-maven-plugin-3.3.4.jar;C:\soft\maven-repos\.m2\repository\org\sonatype\plexus\plexus-build-api\0.0.7\plexus-build-api-0.0.7.jar;C:\soft\maven-repos\.m2\repository\org\codehaus\plexus\plexus-utils\1.5.8\plexus-utils-1.5.8.jar;C:\soft\maven-repos\.m2\repository\org\apache\maven\maven-core\3.2.5\maven-core-3.2.5.jar;C:\soft\maven-repos\.m2\repository\org\apache\maven\maven-model\3.2.5\maven-model-3.2.5.jar;C:\soft\maven-repos\.m2\repository\org\apache\maven\maven-settings\3.2.5\maven-settings-3.2.5.jar;C:\soft\maven-repos\.m2\repository\org\apache\maven\maven-settings-builder\3.3.9\maven-settings-builder-3.3.9.jar;C:\soft\maven-repos\.m2\repository\org\apache\maven\maven-builder-support\3.3.9\maven-builder-support-3.3.9.jar;C:\soft\maven-repos\.m2\repository\org\apache\maven\maven-repository-metadata\3.2.5\maven-repository-metadata-3.2.5.jar;C:\soft\maven-repos\.m2\repository\org\apache\maven\maven-artifact\3.2.5\maven-artifact-3.2.5.jar;C:\soft\maven-repos\.m2\repository\org\apache\maven\maven-model-builder\3.2.5\maven-model-builder-3.2.5.jar;C:\soft\maven-repos\.m2\repository\org\apache\maven\maven-aether-provider\3.2.5\maven-aether-provider-3.2.5.jar;C:\soft\maven-repos\.m2\repository\org\eclipse\aether\aether-spi\1.0.0.v20140518\aether-spi-1.0.0.v20140518.jar;C:\soft\maven-repos\.m2\repository\org\eclipse\aether\aether-impl\1.0.0.v20140518\aether-impl-1.0.0.v20140518.jar;C:\soft\maven-repos\.m2\repository\org\eclipse\aether\aether-api\1.0.0.v20140518\aether-api-1.0.0.v20140518.jar;C:\soft\maven-repos\.m2\repository\org\eclipse\aether\aether-util\1.0.0.v20140518\aether-util-1.0.0.v20140518.jar;C:\soft\maven-repos\.m2\repository\org\eclipse\sisu\org.eclipse.sisu.plexus\0.3.0.M1\org.eclipse.sisu.plexus-0.3.0.M1.jar;C:\soft\maven-repos\.m2\repository\javax\enterprise\cdi-api\1.0\cdi-api-1.0.jar;C:\soft\maven-repos\.m2\repository\javax\annotation\jsr250-api\1.0\jsr250-api-1.0.jar;C:\soft\maven-repos\.m2\repository\org\eclipse\sisu\org.eclipse.sisu.inject\0.3.0.M1\org.eclipse.sisu.inject-0.3.0.M1.jar;C:\soft\maven-repos\.m2\repository\org\sonatype\sisu\sisu-guice\3.2.3\sisu-guice-3.2.3-no_aop.jar;C:\soft\maven-repos\.m2\repository\javax\inject\javax.inject\1\javax.inject-1.jar;C:\soft\maven-repos\.m2\repository\aopalliance\aopalliance\1.0\aopalliance-1.0.jar;C:\soft\maven-repos\.m2\repository\org\codehaus\plexus\plexus-interpolation\1.21\plexus-interpolation-1.21.jar;C:\soft\maven-repos\.m2\repository\org\codehaus\plexus\plexus-classworlds\2.5.2\plexus-classworlds-2.5.2.jar;C:\soft\maven-repos\.m2\repository\org\codehaus\plexus\plexus-component-annotations\1.5.5\plexus-component-annotations-1.5.5.jar;C:\soft\maven-repos\.m2\repository\org\sonatype\plexus\plexus-sec-dispatcher\1.3\plexus-sec-dispatcher-1.3.jar;C:\soft\maven-repos\.m2\repository\org\sonatype\plexus\plexus-cipher\1.4\plexus-cipher-1.4.jar;C:\soft\maven-repos\.m2\repository\org\apache\maven\maven-compat\3.2.5\maven-compat-3.2.5.jar;C:\soft\maven-repos\.m2\repository\org\apache\maven\wagon\wagon-provider-api\2.8\wagon-provider-api-2.8.jar;C:\soft\maven-repos\.m2\repository\org\apache\maven\maven-plugin-api\3.2.5\maven-plugin-api-3.2.5.jar;C:\soft\maven-repos\.m2\repository\org\apache\maven\plugin-tools\maven-plugin-annotations\3.4\maven-plugin-annotations-3.4.jar;C:\soft\maven-repos\.m2\repository\org\openapitools\openapi-generator\3.3.4\openapi-generator-3.3.4.jar;C:\soft\maven-repos\.m2\repository\io\swagger\core\v3\swagger-core\2.0.4\swagger-core-2.0.4.jar;C:\soft\maven-repos\.m2\repository\com\fasterxml\jackson\dataformat\jackson-dataformat-yaml\2.9.8\jackson-dataformat-yaml-2.9.8.jar;C:\soft\maven-repos\.m2\repository\io\swagger\core\v3\swagger-annotations\2.0.4\swagger-annotations-2.0.4.jar;C:\soft\maven-repos\.m2\repository\io\swagger\core\v3\swagger-models\2.0.4\swagger-models-2.0.4.jar;C:\soft\maven-repos\.m2\repository\io\swagger\parser\v3\swagger-parser\2.0.4\swagger-parser-2.0.4.jar;C:\soft\maven-repos\.m2\repository\io\swagger\parser\v3\swagger-parser-v2-converter\2.0.4\swagger-parser-v2-converter-2.0.4.jar;C:\soft\maven-repos\.m2\repository\io\swagger\swagger-parser\1.0.38\swagger-parser-1.0.38.jar;C:\soft\maven-repos\.m2\repository\io\swagger\swagger-core\1.5.21\swagger-core-1.5.21.jar;C:\soft\maven-repos\.m2\repository\io\swagger\swagger-compat-spec-parser\1.0.38\swagger-compat-spec-parser-1.0.38.jar;C:\soft\maven-repos\.m2\repository\com\github\java-json-tools\json-schema-validator\2.2.8\json-schema-validator-2.2.8.jar;C:\soft\maven-repos\.m2\repository\com\github\java-json-tools\json-schema-core\1.2.8\json-schema-core-1.2.8.jar;C:\soft\maven-repos\.m2\repository\org\mozilla\rhino\1.7R4\rhino-1.7R4.jar;C:\soft\maven-repos\.m2\repository\com\github\fge\uri-template\0.9\uri-template-0.9.jar;C:\soft\maven-repos\.m2\repository\javax\mail\mailapi\1.4.3\mailapi-1.4.3.jar;C:\soft\maven-repos\.m2\repository\javax\activation\activation\1.1\activation-1.1.jar;C:\soft\maven-repos\.m2\repository\joda-time\joda-time\2.10.1\joda-time-2.10.1.jar;C:\soft\maven-repos\.m2\repository\com\googlecode\libphonenumber\libphonenumber\8.0.0\libphonenumber-8.0.0.jar;C:\soft\maven-repos\.m2\repository\com\google\code\findbugs\jsr305\3.0.1\jsr305-3.0.1.jar;C:\soft\maven-repos\.m2\repository\net\sf\jopt-simple\jopt-simple\5.0.3\jopt-simple-5.0.3.jar;C:\soft\maven-repos\.m2\repository\com\github\fge\json-patch\1.6\json-patch-1.6.jar;C:\soft\maven-repos\.m2\repository\com\github\fge\jackson-coreutils\1.6\jackson-coreutils-1.6.jar;C:\soft\maven-repos\.m2\repository\com\github\fge\msg-simple\1.1\msg-simple-1.1.jar;C:\soft\maven-repos\.m2\repository\com\github\fge\btf\1.2\btf-1.2.jar;C:\soft\maven-repos\.m2\repository\io\swagger\parser\v3\swagger-parser-core\2.0.4\swagger-parser-core-2.0.4.jar;C:\soft\maven-repos\.m2\repository\io\swagger\parser\v3\swagger-parser-v3\2.0.4\swagger-parser-v3-2.0.4.jar;C:\soft\maven-repos\.m2\repository\com\samskivert\jmustache\1.14\jmustache-1.14.jar;C:\soft\maven-repos\.m2\repository\commons-io\commons-io\2.4\commons-io-2.4.jar;C:\soft\maven-repos\.m2\repository\org\slf4j\slf4j-ext\1.7.26\slf4j-ext-1.7.26.jar;C:\soft\maven-repos\.m2\repository\org\apache\commons\commons-lang3\3.8.1\commons-lang3-3.8.1.jar;C:\soft\maven-repos\.m2\repository\commons-cli\commons-cli\1.2\commons-cli-1.2.jar;C:\soft\maven-repos\.m2\repository\com\atlassian\commonmark\commonmark\0.11.0\commonmark-0.11.0.jar;C:\soft\maven-repos\.m2\repository\com\google\code\gson\gson\2.8.5\gson-2.8.5.jar;C:\soft\maven-repos\.m2\repository\com\jayway\restassured\rest-assured\2.9.0\rest-assured-2.9.0.jar;C:\soft\maven-repos\.m2\repository\org\codehaus\groovy\groovy\2.5.6\groovy-2.5.6.jar;C:\soft\maven-repos\.m2\repository\org\codehaus\groovy\groovy-xml\2.5.6\groovy-xml-2.5.6.jar;C:\soft\maven-repos\.m2\repository\org\apache\httpcomponents\httpclient\4.5.8\httpclient-4.5.8.jar;C:\soft\maven-repos\.m2\repository\org\apache\httpcomponents\httpcore\4.4.11\httpcore-4.4.11.jar;C:\soft\maven-repos\.m2\repository\commons-codec\commons-codec\1.11\commons-codec-1.11.jar;C:\soft\maven-repos\.m2\repository\org\apache\httpcomponents\httpmime\4.5.8\httpmime-4.5.8.jar;C:\soft\maven-repos\.m2\repository\org\ccil\cowan\tagsoup\tagsoup\1.2.1\tagsoup-1.2.1.jar;C:\soft\maven-repos\.m2\repository\com\jayway\restassured\json-path\2.9.0\json-path-2.9.0.jar;C:\soft\maven-repos\.m2\repository\org\codehaus\groovy\groovy-json\2.5.6\groovy-json-2.5.6.jar;C:\soft\maven-repos\.m2\repository\com\jayway\restassured\rest-assured-common\2.9.0\rest-assured-common-2.9.0.jar;C:\soft\maven-repos\.m2\repository\com\jayway\restassured\xml-path\2.9.0\xml-path-2.9.0.jar;C:\soft\maven-repos\.m2\repository\io\rest-assured\rest-assured\3.1.1\rest-assured-3.1.1.jar;C:\soft\maven-repos\.m2\repository\io\rest-assured\json-path\3.1.1\json-path-3.1.1.jar;C:\soft\maven-repos\.m2\repository\io\rest-assured\rest-assured-common\3.1.1\rest-assured-common-3.1.1.jar;C:\soft\maven-repos\.m2\repository\io\rest-assured\xml-path\3.1.1\xml-path-3.1.1.jar;"/>
    <property name="sun.cpu.endian" value="little"/>
    <property name="user.home" value="C:\Users\kdcost01"/>
    <property name="user.language" value="en"/>
    <property name="java.specification.vendor" value="Oracle Corporation"/>
    <property name="java.home" value="C:\Program Files\Java\jre1.8.0_211"/>
    <property name="basedir" value="C:\Users\kdcost01\GitHub\Workspace\TestDrivenDevelopment\TestDrivenDevelopment"/>
    <property name="file.separator" value="\"/>
    <property name="line.separator" value="&#10;"/>
    <property name="java.vm.specification.vendor" value="Oracle Corporation"/>
    <property name="java.specification.name" value="Java Platform API Specification"/>
    <property name="java.awt.graphicsenv" value="sun.awt.Win32GraphicsEnvironment"/>
    <property name="surefire.real.class.path" value="C:\Users\kdcost01\AppData\Local\Temp\surefire8461909319305158474\surefirebooter6749253584669757848.jar"/>
    <property name="sun.boot.class.path" value="C:\Program Files\Java\jre1.8.0_211\lib\resources.jar;C:\Program Files\Java\jre1.8.0_211\lib\rt.jar;C:\Program Files\Java\jre1.8.0_211\lib\sunrsasign.jar;C:\Program Files\Java\jre1.8.0_211\lib\jsse.jar;C:\Program Files\Java\jre1.8.0_211\lib\jce.jar;C:\Program Files\Java\jre1.8.0_211\lib\charsets.jar;C:\Program Files\Java\jre1.8.0_211\lib\jfr.jar;C:\Program Files\Java\jre1.8.0_211\classes"/>
    <property name="user.script" value=""/>
    <property name="sun.management.compiler" value="HotSpot 64-Bit Tiered Compilers"/>
    <property name="java.runtime.version" value="1.8.0_211-b12"/>
    <property name="user.name" value="kdcost01"/>
    <property name="path.separator" value=";"/>
    <property name="os.version" value="6.1"/>
    <property name="java.endorsed.dirs" value="C:\Program Files\Java\jre1.8.0_211\lib\endorsed"/>
    <property name="java.runtime.name" value="Java(TM) SE Runtime Environment"/>
    <property name="file.encoding" value="Cp1252"/>
    <property name="java.vm.name" value="Java HotSpot(TM) 64-Bit Server VM"/>
    <property name="localRepository" value="C:\soft\maven-repos\.m2\repository"/>
    <property name="java.vendor.url.bug" value="http://bugreport.sun.com/bugreport/"/>
    <property name="java.io.tmpdir" value="C:\Users\kdcost01\AppData\Local\Temp\"/>
    <property name="java.version" value="1.8.0_211"/>
    <property name="user.dir" value="C:\Users\kdcost01\GitHub\Workspace\TestDrivenDevelopment\TestDrivenDevelopment"/>
    <property name="os.arch" value="amd64"/>
    <property name="java.vm.specification.name" value="Java Virtual Machine Specification"/>
    <property name="java.awt.printerjob" value="sun.awt.windows.WPrinterJob"/>
    <property name="sun.os.patch.level" value="Service Pack 1"/>
    <property name="java.library.path" value="C:\Program Files\Java\jre1.8.0_211\bin;C:\Windows\Sun\Java\bin;C:\Windows\system32;C:\Windows;C:/Program Files/Java/jre1.8.0_211/bin/server;C:/Program Files/Java/jre1.8.0_211/bin;C:/Program Files/Java/jre1.8.0_211/lib/amd64;C:\ODI_11_1_1_9\bin;C:\Program Files (x86)\Common Files\Oracle\Java\javapath;C:\Windows\system32;C:\Windows;C:\Windows\System32\Wbem;C:\Windows\System32\WindowsPowerShell\v1.0\;C:\Windows\System32\WindowsPowerShell\v1.0\;C:\Windows\CCM;C:\Program Files\Java\jdk1.8.0_172\bin;C:\Program Files\Git\cmd;C:\PostgreSQL\pg10\bin;C:\Program Files\nodejs\;C:\apache-ant-1.10.5\bin;C:\ORACLE\product\11.2.0\client_1\bin;C:\apache-maven-3.5.4\bin;C:\Program Files\PuTTY\;C:\Program Files (x86)\PuTTY\;C:\Program Files\Microsoft VS Code\bin;C:\Users\kdcost01\AppData\Roaming\npm;C:\Users\kdcost01\AppData\Local\Programs\Microsoft VS Code\bin;C:\Users\kdcost01\AppData\Local\GitHubDesktop\bin;C:\STS\sts-4.0.0.RELEASE;;."/>
    <property name="java.vm.info" value="mixed mode"/>
    <property name="java.vendor" value="Oracle Corporation"/>
    <property name="java.vm.version" value="25.211-b12"/>
    <property name="java.ext.dirs" value="C:\Program Files\Java\jre1.8.0_211\lib\ext;C:\Windows\Sun\Java\lib\ext"/>
    <property name="sun.io.unicode.encoding" value="UnicodeLittle"/>
    <property name="java.class.version" value="52.0"/>
  </properties>
  <testcase name="secondTestmakeSureListAllWorksFine" classname="com.bcbsma.api.RestAssuredIntegrationTest" time="4.679"/>
  <testcase name="firstTestCreatePatientTest" classname="com.bcbsma.api.RestAssuredIntegrationTest" time="0.248"/>
  <testcase name="createAndDeletePatientValidateResponseTest" classname="com.bcbsma.api.RestAssuredIntegrationTest" time="0.285"/>
  <testcase name="createAndDuplicateTest" classname="com.bcbsma.api.RestAssuredIntegrationTest" time="0.152"/>
  <testcase name="createPatientValidateResponseTest" classname="com.bcbsma.api.RestAssuredIntegrationTest" time="0.046"/>
  <testcase name="whenGetAllPatients_thenOK" classname="com.bcbsma.api.RestAssuredIntegrationTest" time="1.034"/>
  <testcase name="firstTestCreatePatient" classname="com.bcbsma.api.RestAssuredIntegrationTest" time="0.08"/>
  <testcase name="thirdTestdeletePatient" classname="com.bcbsma.api.RestAssuredIntegrationTest" time="0.174"/>
</testsuite>